<?xml version="1.0" encoding="UTF-8"?>
<!-- Generated by org.testng.reporters.JUnitXMLReporter -->
<testsuite ignored="0" hostname="DESKTOP-A57KNHU" failures="0" tests="3" name="Default test" time="0.462" errors="0" timestamp="2025-12-29T09:12:59 IST">
  <testcase classname="Report.ExtentClass" name="Test2" time="0.01"/>
  <testcase classname="Report.ExtentClass" name="Test3" time="0.001"/>
  <testcase classname="Report.ExtentClass" name="Testl" time="0.002"/>
</testsuite> <!-- Default test -->
