<?xml version="1.0" encoding="UTF-8"?>
<testng-results ignored="0" total="3" passed="3" failed="0" skipped="0">
  <reporter-output>
  </reporter-output>
  <suite started-at="2025-12-29T09:12:59 IST" name="Default suite" finished-at="2025-12-29T09:12:59 IST" duration-ms="462">
    <groups>
    </groups>
    <test started-at="2025-12-29T09:12:59 IST" name="Default test" finished-at="2025-12-29T09:12:59 IST" duration-ms="462">
      <class name="Report.ExtentClass">
        <test-method is-config="true" signature="setup()[pri:0, instance:Report.ExtentClass@279fedbd]" started-at="2025-12-29T09:12:59 IST" name="setup" finished-at="2025-12-29T09:12:59 IST" duration-ms="183" status="PASS">
          <reporter-output>
          </reporter-output>
        </test-method> <!-- setup -->
        <test-method signature="Test2()[pri:0, instance:Report.ExtentClass@279fedbd]" started-at="2025-12-29T09:12:59 IST" name="Test2" finished-at="2025-12-29T09:12:59 IST" duration-ms="10" status="PASS">
          <reporter-output>
          </reporter-output>
        </test-method> <!-- Test2 -->
        <test-method signature="Test3()[pri:0, instance:Report.ExtentClass@279fedbd]" started-at="2025-12-29T09:12:59 IST" name="Test3" finished-at="2025-12-29T09:12:59 IST" duration-ms="1" status="PASS">
          <reporter-output>
          </reporter-output>
        </test-method> <!-- Test3 -->
        <test-method signature="Testl()[pri:0, instance:Report.ExtentClass@279fedbd]" started-at="2025-12-29T09:12:59 IST" name="Testl" finished-at="2025-12-29T09:12:59 IST" duration-ms="2" status="PASS">
          <reporter-output>
          </reporter-output>
        </test-method> <!-- Testl -->
        <test-method is-config="true" signature="close()[pri:0, instance:Report.ExtentClass@279fedbd]" started-at="2025-12-29T09:12:59 IST" name="close" finished-at="2025-12-29T09:12:59 IST" duration-ms="237" status="PASS">
          <reporter-output>
          </reporter-output>
        </test-method> <!-- close -->
      </class> <!-- Report.ExtentClass -->
    </test> <!-- Default test -->
  </suite> <!-- Default suite -->
</testng-results>
