<?xml version="1.0" encoding="UTF-8"?>
<!-- Generated by org.testng.reporters.JUnitReportReporter -->
<testsuite hostname="DESKTOP-A57KNHU" failures="0" tests="3" name="Report.ExtentClass" time="0.013" errors="0" timestamp="2025-12-29T09:12:59 IST" skipped="0">
  <testcase classname="Report.ExtentClass" name="Test2" time="0.010"/>
  <testcase classname="Report.ExtentClass" name="Testl" time="0.002"/>
  <testcase classname="Report.ExtentClass" name="Test3" time="0.001"/>
</testsuite> <!-- Report.ExtentClass -->
